Build output check failed:
    Regex: 'command[- ]line option .* is valid for .* but not for C\+\+'
    Output line: 'cc1plus: warning: command line option ‘-Wmissing-prototypes’ is valid for C/ObjC but not for C++'
Compilation failed:
    source file: '/home/brandon/Desktop/Spring_2021/ROBO597/build/CMakeFiles/CMakeTmp/src.cxx'
    check option: ' -fsigned-char -W -Wall -Werror=return-type -Werror=non-virtual-dtor -Werror=address -Werror=sequence-point -Wformat -Werror=format-security -Wmissing-declarations  -Wmissing-prototypes'
===== BUILD LOG =====
Change Dir: /home/brandon/Desktop/Spring_2021/ROBO597/build/CMakeFiles/CMakeTmp

Run Build Command:"/usr/bin/make" "cmTC_a4dd6/fast"
/usr/bin/make -f CMakeFiles/cmTC_a4dd6.dir/build.make CMakeFiles/cmTC_a4dd6.dir/build
make[1]: Entering directory '/home/brandon/Desktop/Spring_2021/ROBO597/build/CMakeFiles/CMakeTmp'
Building CXX object CMakeFiles/cmTC_a4dd6.dir/src.cxx.o
/usr/bin/c++    -O3 -DNDEBUG -fPIE   -fsigned-char -W -Wall -Werror=return-type -Werror=non-virtual-dtor -Werror=address -Werror=sequence-point -Wformat -Werror=format-security -Wmissing-declarations -Wmissing-prototypes -std=c++11 -o CMakeFiles/cmTC_a4dd6.dir/src.cxx.o -c /home/brandon/Desktop/Spring_2021/ROBO597/build/CMakeFiles/CMakeTmp/src.cxx
cc1plus: warning: command line option ‘-Wmissing-prototypes’ is valid for C/ObjC but not for C++
/home/brandon/Desktop/Spring_2021/ROBO597/build/CMakeFiles/CMakeTmp/src.cxx:1:0: warning: ignoring #pragma   [-Wunknown-pragmas]
 #pragma
 ^
Linking CXX executable cmTC_a4dd6
/usr/bin/cmake -E cmake_link_script CMakeFiles/cmTC_a4dd6.dir/link.txt --verbose=1
/usr/bin/c++    -O3 -DNDEBUG    CMakeFiles/cmTC_a4dd6.dir/src.cxx.o  -o cmTC_a4dd6 
make[1]: Leaving directory '/home/brandon/Desktop/Spring_2021/ROBO597/build/CMakeFiles/CMakeTmp'

===== END =====

Build output check failed:
    Regex: 'command[- ]line option .* is valid for .* but not for C\+\+'
    Output line: 'cc1plus: warning: command line option ‘-Wstrict-prototypes’ is valid for C/ObjC but not for C++'
Compilation failed:
    source file: '/home/brandon/Desktop/Spring_2021/ROBO597/build/CMakeFiles/CMakeTmp/src.cxx'
    check option: ' -fsigned-char -W -Wall -Werror=return-type -Werror=non-virtual-dtor -Werror=address -Werror=sequence-point -Wformat -Werror=format-security -Wmissing-declarations  -Wstrict-prototypes'
===== BUILD LOG =====
Change Dir: /home/brandon/Desktop/Spring_2021/ROBO597/build/CMakeFiles/CMakeTmp

Run Build Command:"/usr/bin/make" "cmTC_069dd/fast"
/usr/bin/make -f CMakeFiles/cmTC_069dd.dir/build.make CMakeFiles/cmTC_069dd.dir/build
make[1]: Entering directory '/home/brandon/Desktop/Spring_2021/ROBO597/build/CMakeFiles/CMakeTmp'
Building CXX object CMakeFiles/cmTC_069dd.dir/src.cxx.o
/usr/bin/c++    -O3 -DNDEBUG -fPIE   -fsigned-char -W -Wall -Werror=return-type -Werror=non-virtual-dtor -Werror=address -Werror=sequence-point -Wformat -Werror=format-security -Wmissing-declarations -Wstrict-prototypes -std=c++11 -o CMakeFiles/cmTC_069dd.dir/src.cxx.o -c /home/brandon/Desktop/Spring_2021/ROBO597/build/CMakeFiles/CMakeTmp/src.cxx
cc1plus: warning: command line option ‘-Wstrict-prototypes’ is valid for C/ObjC but not for C++
/home/brandon/Desktop/Spring_2021/ROBO597/build/CMakeFiles/CMakeTmp/src.cxx:1:0: warning: ignoring #pragma   [-Wunknown-pragmas]
 #pragma
 ^
Linking CXX executable cmTC_069dd
/usr/bin/cmake -E cmake_link_script CMakeFiles/cmTC_069dd.dir/link.txt --verbose=1
/usr/bin/c++    -O3 -DNDEBUG    CMakeFiles/cmTC_069dd.dir/src.cxx.o  -o cmTC_069dd 
make[1]: Leaving directory '/home/brandon/Desktop/Spring_2021/ROBO597/build/CMakeFiles/CMakeTmp'

===== END =====

Build output check failed:
    Regex: 'command[- ]line option .* is valid for .* but not for C'
    Output line: 'cc1: warning: command line option ‘-Wsign-promo’ is valid for C++/ObjC++ but not for C'
Compilation failed:
    source file: '/home/brandon/Desktop/Spring_2021/ROBO597/build/CMakeFiles/CMakeTmp/src.c'
    check option: ' -fsigned-char -W -Wall -Werror=return-type -Werror=non-virtual-dtor -Werror=address -Werror=sequence-point -Wformat -Werror=format-security -Wmissing-declarations -Wmissing-prototypes -Wstrict-prototypes -Wundef -Winit-self -Wpointer-arith -Wshadow  -Wsign-promo'
===== BUILD LOG =====
Change Dir: /home/brandon/Desktop/Spring_2021/ROBO597/build/CMakeFiles/CMakeTmp

Run Build Command:"/usr/bin/make" "cmTC_83420/fast"
/usr/bin/make -f CMakeFiles/cmTC_83420.dir/build.make CMakeFiles/cmTC_83420.dir/build
make[1]: Entering directory '/home/brandon/Desktop/Spring_2021/ROBO597/build/CMakeFiles/CMakeTmp'
Building C object CMakeFiles/cmTC_83420.dir/src.c.o
/usr/bin/cc   -O3 -DNDEBUG -fPIE   -fsigned-char -W -Wall -Werror=return-type -Werror=non-virtual-dtor -Werror=address -Werror=sequence-point -Wformat -Werror=format-security -Wmissing-declarations -Wmissing-prototypes -Wstrict-prototypes -Wundef -Winit-self -Wpointer-arith -Wshadow -Wsign-promo -o CMakeFiles/cmTC_83420.dir/src.c.o   -c /home/brandon/Desktop/Spring_2021/ROBO597/build/CMakeFiles/CMakeTmp/src.c
cc1: warning: command line option ‘-Wsign-promo’ is valid for C++/ObjC++ but not for C
/home/brandon/Desktop/Spring_2021/ROBO597/build/CMakeFiles/CMakeTmp/src.c:1:0: warning: ignoring #pragma   [-Wunknown-pragmas]
 #pragma
 ^
Linking C executable cmTC_83420
/usr/bin/cmake -E cmake_link_script CMakeFiles/cmTC_83420.dir/link.txt --verbose=1
/usr/bin/cc   -O3 -DNDEBUG    CMakeFiles/cmTC_83420.dir/src.c.o  -o cmTC_83420 
make[1]: Leaving directory '/home/brandon/Desktop/Spring_2021/ROBO597/build/CMakeFiles/CMakeTmp'

===== END =====

Build output check failed:
    Regex: 'command[- ]line option .* is valid for .* but not for C'
    Output line: 'cc1: warning: command line option ‘-Wsuggest-override’ is valid for C++/ObjC++ but not for C'
Compilation failed:
    source file: '/home/brandon/Desktop/Spring_2021/ROBO597/build/CMakeFiles/CMakeTmp/src.c'
    check option: ' -fsigned-char -W -Wall -Werror=return-type -Werror=non-virtual-dtor -Werror=address -Werror=sequence-point -Wformat -Werror=format-security -Wmissing-declarations -Wmissing-prototypes -Wstrict-prototypes -Wundef -Winit-self -Wpointer-arith -Wshadow -Wuninitialized  -Wsuggest-override'
===== BUILD LOG =====
Change Dir: /home/brandon/Desktop/Spring_2021/ROBO597/build/CMakeFiles/CMakeTmp

Run Build Command:"/usr/bin/make" "cmTC_4823c/fast"
/usr/bin/make -f CMakeFiles/cmTC_4823c.dir/build.make CMakeFiles/cmTC_4823c.dir/build
make[1]: Entering directory '/home/brandon/Desktop/Spring_2021/ROBO597/build/CMakeFiles/CMakeTmp'
Building C object CMakeFiles/cmTC_4823c.dir/src.c.o
/usr/bin/cc   -O3 -DNDEBUG -fPIE   -fsigned-char -W -Wall -Werror=return-type -Werror=non-virtual-dtor -Werror=address -Werror=sequence-point -Wformat -Werror=format-security -Wmissing-declarations -Wmissing-prototypes -Wstrict-prototypes -Wundef -Winit-self -Wpointer-arith -Wshadow -Wuninitialized -Wsuggest-override -o CMakeFiles/cmTC_4823c.dir/src.c.o   -c /home/brandon/Desktop/Spring_2021/ROBO597/build/CMakeFiles/CMakeTmp/src.c
cc1: warning: command line option ‘-Wsuggest-override’ is valid for C++/ObjC++ but not for C
/home/brandon/Desktop/Spring_2021/ROBO597/build/CMakeFiles/CMakeTmp/src.c:1:0: warning: ignoring #pragma   [-Wunknown-pragmas]
 #pragma
 ^
Linking C executable cmTC_4823c
/usr/bin/cmake -E cmake_link_script CMakeFiles/cmTC_4823c.dir/link.txt --verbose=1
/usr/bin/cc   -O3 -DNDEBUG    CMakeFiles/cmTC_4823c.dir/src.c.o  -o cmTC_4823c 
make[1]: Leaving directory '/home/brandon/Desktop/Spring_2021/ROBO597/build/CMakeFiles/CMakeTmp'

===== END =====

Build output check failed:
    Regex: 'command[- ]line option .* is valid for .* but not for C'
    Output line: 'cc1: warning: command line option ‘-Wno-delete-non-virtual-dtor’ is valid for C++/ObjC++ but not for C'
Compilation failed:
    source file: '/home/brandon/Desktop/Spring_2021/ROBO597/build/CMakeFiles/CMakeTmp/src.c'
    check option: ' -fsigned-char -W -Wall -Werror=return-type -Werror=non-virtual-dtor -Werror=address -Werror=sequence-point -Wformat -Werror=format-security -Wmissing-declarations -Wmissing-prototypes -Wstrict-prototypes -Wundef -Winit-self -Wpointer-arith -Wshadow -Wuninitialized  -Wno-delete-non-virtual-dtor'
===== BUILD LOG =====
Change Dir: /home/brandon/Desktop/Spring_2021/ROBO597/build/CMakeFiles/CMakeTmp

Run Build Command:"/usr/bin/make" "cmTC_7e340/fast"
/usr/bin/make -f CMakeFiles/cmTC_7e340.dir/build.make CMakeFiles/cmTC_7e340.dir/build
make[1]: Entering directory '/home/brandon/Desktop/Spring_2021/ROBO597/build/CMakeFiles/CMakeTmp'
Building C object CMakeFiles/cmTC_7e340.dir/src.c.o
/usr/bin/cc   -O3 -DNDEBUG -fPIE   -fsigned-char -W -Wall -Werror=return-type -Werror=non-virtual-dtor -Werror=address -Werror=sequence-point -Wformat -Werror=format-security -Wmissing-declarations -Wmissing-prototypes -Wstrict-prototypes -Wundef -Winit-self -Wpointer-arith -Wshadow -Wuninitialized -Wno-delete-non-virtual-dtor -o CMakeFiles/cmTC_7e340.dir/src.c.o   -c /home/brandon/Desktop/Spring_2021/ROBO597/build/CMakeFiles/CMakeTmp/src.c
cc1: warning: command line option ‘-Wno-delete-non-virtual-dtor’ is valid for C++/ObjC++ but not for C
/home/brandon/Desktop/Spring_2021/ROBO597/build/CMakeFiles/CMakeTmp/src.c:1:0: warning: ignoring #pragma   [-Wunknown-pragmas]
 #pragma
 ^
Linking C executable cmTC_7e340
/usr/bin/cmake -E cmake_link_script CMakeFiles/cmTC_7e340.dir/link.txt --verbose=1
/usr/bin/cc   -O3 -DNDEBUG    CMakeFiles/cmTC_7e340.dir/src.c.o  -o cmTC_7e340 
make[1]: Leaving directory '/home/brandon/Desktop/Spring_2021/ROBO597/build/CMakeFiles/CMakeTmp'

===== END =====

Build output check failed:
    Regex: 'unrecognized .*option'
    Output line: 'cc1plus: warning: unrecognized command line option ‘-Wno-unnamed-type-template-args’'
Compilation failed:
    source file: '/home/brandon/Desktop/Spring_2021/ROBO597/build/CMakeFiles/CMakeTmp/src.cxx'
    check option: ' -fsigned-char -W -Wall -Werror=return-type -Werror=non-virtual-dtor -Werror=address -Werror=sequence-point -Wformat -Werror=format-security -Wmissing-declarations -Wundef -Winit-self -Wpointer-arith -Wshadow -Wsign-promo -Wuninitialized -Wsuggest-override -Wno-delete-non-virtual-dtor  -Wno-unnamed-type-template-args'
===== BUILD LOG =====
Change Dir: /home/brandon/Desktop/Spring_2021/ROBO597/build/CMakeFiles/CMakeTmp

Run Build Command:"/usr/bin/make" "cmTC_8edee/fast"
/usr/bin/make -f CMakeFiles/cmTC_8edee.dir/build.make CMakeFiles/cmTC_8edee.dir/build
make[1]: Entering directory '/home/brandon/Desktop/Spring_2021/ROBO597/build/CMakeFiles/CMakeTmp'
Building CXX object CMakeFiles/cmTC_8edee.dir/src.cxx.o
/usr/bin/c++    -O3 -DNDEBUG -fPIE   -fsigned-char -W -Wall -Werror=return-type -Werror=non-virtual-dtor -Werror=address -Werror=sequence-point -Wformat -Werror=format-security -Wmissing-declarations -Wundef -Winit-self -Wpointer-arith -Wshadow -Wsign-promo -Wuninitialized -Wsuggest-override -Wno-delete-non-virtual-dtor -Wno-unnamed-type-template-args -std=c++11 -o CMakeFiles/cmTC_8edee.dir/src.cxx.o -c /home/brandon/Desktop/Spring_2021/ROBO597/build/CMakeFiles/CMakeTmp/src.cxx
/home/brandon/Desktop/Spring_2021/ROBO597/build/CMakeFiles/CMakeTmp/src.cxx:1:0: warning: ignoring #pragma   [-Wunknown-pragmas]
 #pragma
 ^
cc1plus: warning: unrecognized command line option ‘-Wno-unnamed-type-template-args’
Linking CXX executable cmTC_8edee
/usr/bin/cmake -E cmake_link_script CMakeFiles/cmTC_8edee.dir/link.txt --verbose=1
/usr/bin/c++    -O3 -DNDEBUG    CMakeFiles/cmTC_8edee.dir/src.cxx.o  -o cmTC_8edee 
make[1]: Leaving directory '/home/brandon/Desktop/Spring_2021/ROBO597/build/CMakeFiles/CMakeTmp'

===== END =====

Build output check failed:
    Regex: 'unrecognized .*option'
    Output line: 'cc1: warning: unrecognized command line option ‘-Wno-unnamed-type-template-args’'
Compilation failed:
    source file: '/home/brandon/Desktop/Spring_2021/ROBO597/build/CMakeFiles/CMakeTmp/src.c'
    check option: ' -fsigned-char -W -Wall -Werror=return-type -Werror=non-virtual-dtor -Werror=address -Werror=sequence-point -Wformat -Werror=format-security -Wmissing-declarations -Wmissing-prototypes -Wstrict-prototypes -Wundef -Winit-self -Wpointer-arith -Wshadow -Wuninitialized  -Wno-unnamed-type-template-args'
===== BUILD LOG =====
Change Dir: /home/brandon/Desktop/Spring_2021/ROBO597/build/CMakeFiles/CMakeTmp

Run Build Command:"/usr/bin/make" "cmTC_86fce/fast"
/usr/bin/make -f CMakeFiles/cmTC_86fce.dir/build.make CMakeFiles/cmTC_86fce.dir/build
make[1]: Entering directory '/home/brandon/Desktop/Spring_2021/ROBO597/build/CMakeFiles/CMakeTmp'
Building C object CMakeFiles/cmTC_86fce.dir/src.c.o
/usr/bin/cc   -O3 -DNDEBUG -fPIE   -fsigned-char -W -Wall -Werror=return-type -Werror=non-virtual-dtor -Werror=address -Werror=sequence-point -Wformat -Werror=format-security -Wmissing-declarations -Wmissing-prototypes -Wstrict-prototypes -Wundef -Winit-self -Wpointer-arith -Wshadow -Wuninitialized -Wno-unnamed-type-template-args -o CMakeFiles/cmTC_86fce.dir/src.c.o   -c /home/brandon/Desktop/Spring_2021/ROBO597/build/CMakeFiles/CMakeTmp/src.c
/home/brandon/Desktop/Spring_2021/ROBO597/build/CMakeFiles/CMakeTmp/src.c:1:0: warning: ignoring #pragma   [-Wunknown-pragmas]
 #pragma
 ^
cc1: warning: unrecognized command line option ‘-Wno-unnamed-type-template-args’
Linking C executable cmTC_86fce
/usr/bin/cmake -E cmake_link_script CMakeFiles/cmTC_86fce.dir/link.txt --verbose=1
/usr/bin/cc   -O3 -DNDEBUG    CMakeFiles/cmTC_86fce.dir/src.c.o  -o cmTC_86fce 
make[1]: Leaving directory '/home/brandon/Desktop/Spring_2021/ROBO597/build/CMakeFiles/CMakeTmp'

===== END =====

Build output check failed:
    Regex: 'command[- ]line option .* is valid for .* but not for C'
    Output line: 'cc1: warning: command line option ‘-fvisibility-inlines-hidden’ is valid for C++/ObjC++ but not for C'
Compilation failed:
    source file: '/home/brandon/Desktop/Spring_2021/ROBO597/build/CMakeFiles/CMakeTmp/src.c'
    check option: ' -fsigned-char -W -Wall -Werror=return-type -Werror=non-virtual-dtor -Werror=address -Werror=sequence-point -Wformat -Werror=format-security -Wmissing-declarations -Wmissing-prototypes -Wstrict-prototypes -Wundef -Winit-self -Wpointer-arith -Wshadow -Wuninitialized -Wno-comment -fdiagnostics-show-option -Wno-long-long -pthread -fomit-frame-pointer -ffunction-sections -fdata-sections  -msse -msse2 -msse3 -fvisibility=hidden  -fvisibility-inlines-hidden'
===== BUILD LOG =====
Change Dir: /home/brandon/Desktop/Spring_2021/ROBO597/build/CMakeFiles/CMakeTmp

Run Build Command:"/usr/bin/make" "cmTC_784d9/fast"
/usr/bin/make -f CMakeFiles/cmTC_784d9.dir/build.make CMakeFiles/cmTC_784d9.dir/build
make[1]: Entering directory '/home/brandon/Desktop/Spring_2021/ROBO597/build/CMakeFiles/CMakeTmp'
Building C object CMakeFiles/cmTC_784d9.dir/src.c.o
/usr/bin/cc   -O3 -DNDEBUG -fPIE   -fsigned-char -W -Wall -Werror=return-type -Werror=non-virtual-dtor -Werror=address -Werror=sequence-point -Wformat -Werror=format-security -Wmissing-declarations -Wmissing-prototypes -Wstrict-prototypes -Wundef -Winit-self -Wpointer-arith -Wshadow -Wuninitialized -Wno-comment -fdiagnostics-show-option -Wno-long-long -pthread -fomit-frame-pointer -ffunction-sections -fdata-sections -msse -msse2 -msse3 -fvisibility=hidden -fvisibility-inlines-hidden -o CMakeFiles/cmTC_784d9.dir/src.c.o   -c /home/brandon/Desktop/Spring_2021/ROBO597/build/CMakeFiles/CMakeTmp/src.c
cc1: warning: command line option ‘-fvisibility-inlines-hidden’ is valid for C++/ObjC++ but not for C
/home/brandon/Desktop/Spring_2021/ROBO597/build/CMakeFiles/CMakeTmp/src.c:1:0: warning: ignoring #pragma   [-Wunknown-pragmas]
 #pragma
 ^
Linking C executable cmTC_784d9
/usr/bin/cmake -E cmake_link_script CMakeFiles/cmTC_784d9.dir/link.txt --verbose=1
/usr/bin/cc   -O3 -DNDEBUG    CMakeFiles/cmTC_784d9.dir/src.c.o  -o cmTC_784d9 
make[1]: Leaving directory '/home/brandon/Desktop/Spring_2021/ROBO597/build/CMakeFiles/CMakeTmp'

===== END =====

Build output check failed:
    Regex: 'command[- ]line option .* is valid for .* but not for C\+\+'
    Output line: 'cc1plus: warning: command line option ‘-Wno-missing-prototypes’ is valid for C/ObjC but not for C++'
Compilation failed:
    source file: '/home/brandon/Desktop/Spring_2021/ROBO597/build/CMakeFiles/CMakeTmp/src.cxx'
    check option: ' -Wno-missing-prototypes'
===== BUILD LOG =====
Change Dir: /home/brandon/Desktop/Spring_2021/ROBO597/build/CMakeFiles/CMakeTmp

Run Build Command:"/usr/bin/make" "cmTC_15046/fast"
/usr/bin/make -f CMakeFiles/cmTC_15046.dir/build.make CMakeFiles/cmTC_15046.dir/build
make[1]: Entering directory '/home/brandon/Desktop/Spring_2021/ROBO597/build/CMakeFiles/CMakeTmp'
Building CXX object CMakeFiles/cmTC_15046.dir/src.cxx.o
/usr/bin/c++    -fsigned-char -W -Wall -Werror=return-type -Werror=non-virtual-dtor -Werror=address -Werror=sequence-point -Wformat -Werror=format-security -Wmissing-declarations -Wundef -Winit-self -Wpointer-arith -Wshadow -Wsign-promo -Wuninitialized -Wsuggest-override -Wno-delete-non-virtual-dtor -Wno-comment -fdiagnostics-show-option -Wno-long-long -pthread -fomit-frame-pointer -ffunction-sections -fdata-sections  -msse -msse2 -msse3 -fvisibility=hidden -fvisibility-inlines-hidden -Wno-deprecated  -O3 -DNDEBUG  -DNDEBUG -fPIE   -Wno-missing-prototypes -std=c++11 -o CMakeFiles/cmTC_15046.dir/src.cxx.o -c /home/brandon/Desktop/Spring_2021/ROBO597/build/CMakeFiles/CMakeTmp/src.cxx
cc1plus: warning: command line option ‘-Wno-missing-prototypes’ is valid for C/ObjC but not for C++
/home/brandon/Desktop/Spring_2021/ROBO597/build/CMakeFiles/CMakeTmp/src.cxx:1:0: warning: ignoring #pragma   [-Wunknown-pragmas]
 #pragma
 ^
Linking CXX executable cmTC_15046
/usr/bin/cmake -E cmake_link_script CMakeFiles/cmTC_15046.dir/link.txt --verbose=1
/usr/bin/c++     -fsigned-char -W -Wall -Werror=return-type -Werror=non-virtual-dtor -Werror=address -Werror=sequence-point -Wformat -Werror=format-security -Wmissing-declarations -Wundef -Winit-self -Wpointer-arith -Wshadow -Wsign-promo -Wuninitialized -Wsuggest-override -Wno-delete-non-virtual-dtor -Wno-comment -fdiagnostics-show-option -Wno-long-long -pthread -fomit-frame-pointer -ffunction-sections -fdata-sections  -msse -msse2 -msse3 -fvisibility=hidden -fvisibility-inlines-hidden -Wno-deprecated  -O3 -DNDEBUG  -DNDEBUG    -Wl,--gc-sections -Wl,--as-needed  CMakeFiles/cmTC_15046.dir/src.cxx.o  -o cmTC_15046 
make[1]: Leaving directory '/home/brandon/Desktop/Spring_2021/ROBO597/build/CMakeFiles/CMakeTmp'

===== END =====

Build output check failed:
    Regex: 'unrecognized .*option'
    Output line: 'cc1plus: warning: unrecognized command line option ‘-Wno-tautological-undefined-compare’'
Compilation failed:
    source file: '/home/brandon/Desktop/Spring_2021/ROBO597/build/CMakeFiles/CMakeTmp/src.cxx'
    check option: ' -Wno-tautological-undefined-compare'
===== BUILD LOG =====
Change Dir: /home/brandon/Desktop/Spring_2021/ROBO597/build/CMakeFiles/CMakeTmp

Run Build Command:"/usr/bin/make" "cmTC_42de1/fast"
/usr/bin/make -f CMakeFiles/cmTC_42de1.dir/build.make CMakeFiles/cmTC_42de1.dir/build
make[1]: Entering directory '/home/brandon/Desktop/Spring_2021/ROBO597/build/CMakeFiles/CMakeTmp'
Building CXX object CMakeFiles/cmTC_42de1.dir/src.cxx.o
/usr/bin/c++    -fsigned-char -W -Wall -Werror=return-type -Werror=non-virtual-dtor -Werror=address -Werror=sequence-point -Wformat -Werror=format-security -Winit-self -Wpointer-arith -Wuninitialized -Wsuggest-override -Wno-delete-non-virtual-dtor -Wno-comment -fdiagnostics-show-option -Wno-long-long -pthread -fomit-frame-pointer -ffunction-sections -fdata-sections  -msse -msse2 -msse3 -fvisibility=hidden -fvisibility-inlines-hidden -Wno-deprecated -Wno-missing-declarations -Wno-shadow -Wno-unused-parameter -Wno-unused-local-typedefs -Wno-sign-compare -Wno-sign-promo -Wno-undef  -O3 -DNDEBUG  -DNDEBUG -fPIE   -Wno-tautological-undefined-compare -std=c++11 -o CMakeFiles/cmTC_42de1.dir/src.cxx.o -c /home/brandon/Desktop/Spring_2021/ROBO597/build/CMakeFiles/CMakeTmp/src.cxx
/home/brandon/Desktop/Spring_2021/ROBO597/build/CMakeFiles/CMakeTmp/src.cxx:1:0: warning: ignoring #pragma   [-Wunknown-pragmas]
 #pragma
 ^
cc1plus: warning: unrecognized command line option ‘-Wno-tautological-undefined-compare’
Linking CXX executable cmTC_42de1
/usr/bin/cmake -E cmake_link_script CMakeFiles/cmTC_42de1.dir/link.txt --verbose=1
/usr/bin/c++     -fsigned-char -W -Wall -Werror=return-type -Werror=non-virtual-dtor -Werror=address -Werror=sequence-point -Wformat -Werror=format-security -Winit-self -Wpointer-arith -Wuninitialized -Wsuggest-override -Wno-delete-non-virtual-dtor -Wno-comment -fdiagnostics-show-option -Wno-long-long -pthread -fomit-frame-pointer -ffunction-sections -fdata-sections  -msse -msse2 -msse3 -fvisibility=hidden -fvisibility-inlines-hidden -Wno-deprecated -Wno-missing-declarations -Wno-shadow -Wno-unused-parameter -Wno-unused-local-typedefs -Wno-sign-compare -Wno-sign-promo -Wno-undef  -O3 -DNDEBUG  -DNDEBUG    -Wl,--gc-sections -Wl,--as-needed  CMakeFiles/cmTC_42de1.dir/src.cxx.o  -o cmTC_42de1 
make[1]: Leaving directory '/home/brandon/Desktop/Spring_2021/ROBO597/build/CMakeFiles/CMakeTmp'

===== END =====

Build output check failed:
    Regex: 'unrecognized .*option'
    Output line: 'cc1plus: warning: unrecognized command line option ‘-Wno-unused-const-variable’'
Compilation failed:
    source file: '/home/brandon/Desktop/Spring_2021/ROBO597/build/CMakeFiles/CMakeTmp/src.cxx'
    check option: ' -Wno-unused-const-variable'
===== BUILD LOG =====
Change Dir: /home/brandon/Desktop/Spring_2021/ROBO597/build/CMakeFiles/CMakeTmp

Run Build Command:"/usr/bin/make" "cmTC_71067/fast"
/usr/bin/make -f CMakeFiles/cmTC_71067.dir/build.make CMakeFiles/cmTC_71067.dir/build
make[1]: Entering directory '/home/brandon/Desktop/Spring_2021/ROBO597/build/CMakeFiles/CMakeTmp'
Building CXX object CMakeFiles/cmTC_71067.dir/src.cxx.o
/usr/bin/c++    -fsigned-char -W -Wall -Werror=return-type -Werror=non-virtual-dtor -Werror=address -Werror=sequence-point -Wformat -Werror=format-security -Winit-self -Wpointer-arith -Wuninitialized -Wsuggest-override -Wno-delete-non-virtual-dtor -Wno-comment -fdiagnostics-show-option -Wno-long-long -pthread -fomit-frame-pointer -ffunction-sections -fdata-sections  -msse -msse2 -msse3 -fvisibility=hidden -fvisibility-inlines-hidden -Wno-deprecated -Wno-missing-declarations -Wno-shadow -Wno-unused-parameter -Wno-unused-local-typedefs -Wno-sign-compare -Wno-sign-promo -Wno-undef -Wno-ignored-qualifiers -Wno-extra -Wno-unused-function  -O3 -DNDEBUG  -DNDEBUG -fPIE   -Wno-unused-const-variable -std=c++11 -o CMakeFiles/cmTC_71067.dir/src.cxx.o -c /home/brandon/Desktop/Spring_2021/ROBO597/build/CMakeFiles/CMakeTmp/src.cxx
/home/brandon/Desktop/Spring_2021/ROBO597/build/CMakeFiles/CMakeTmp/src.cxx:1:0: warning: ignoring #pragma   [-Wunknown-pragmas]
 #pragma
 ^
cc1plus: warning: unrecognized command line option ‘-Wno-unused-const-variable’
Linking CXX executable cmTC_71067
/usr/bin/cmake -E cmake_link_script CMakeFiles/cmTC_71067.dir/link.txt --verbose=1
/usr/bin/c++     -fsigned-char -W -Wall -Werror=return-type -Werror=non-virtual-dtor -Werror=address -Werror=sequence-point -Wformat -Werror=format-security -Winit-self -Wpointer-arith -Wuninitialized -Wsuggest-override -Wno-delete-non-virtual-dtor -Wno-comment -fdiagnostics-show-option -Wno-long-long -pthread -fomit-frame-pointer -ffunction-sections -fdata-sections  -msse -msse2 -msse3 -fvisibility=hidden -fvisibility-inlines-hidden -Wno-deprecated -Wno-missing-declarations -Wno-shadow -Wno-unused-parameter -Wno-unused-local-typedefs -Wno-sign-compare -Wno-sign-promo -Wno-undef -Wno-ignored-qualifiers -Wno-extra -Wno-unused-function  -O3 -DNDEBUG  -DNDEBUG    -Wl,--gc-sections -Wl,--as-needed  CMakeFiles/cmTC_71067.dir/src.cxx.o  -o cmTC_71067 
make[1]: Leaving directory '/home/brandon/Desktop/Spring_2021/ROBO597/build/CMakeFiles/CMakeTmp'

===== END =====

Build output check failed:
    Regex: 'unrecognized .*option'
    Output line: 'cc1plus: warning: unrecognized command line option ‘-Wno-shorten-64-to-32’'
Compilation failed:
    source file: '/home/brandon/Desktop/Spring_2021/ROBO597/build/CMakeFiles/CMakeTmp/src.cxx'
    check option: ' -Wno-shorten-64-to-32'
===== BUILD LOG =====
Change Dir: /home/brandon/Desktop/Spring_2021/ROBO597/build/CMakeFiles/CMakeTmp

Run Build Command:"/usr/bin/make" "cmTC_dadfc/fast"
/usr/bin/make -f CMakeFiles/cmTC_dadfc.dir/build.make CMakeFiles/cmTC_dadfc.dir/build
make[1]: Entering directory '/home/brandon/Desktop/Spring_2021/ROBO597/build/CMakeFiles/CMakeTmp'
Building CXX object CMakeFiles/cmTC_dadfc.dir/src.cxx.o
/usr/bin/c++    -fsigned-char -W -Wall -Werror=return-type -Werror=non-virtual-dtor -Werror=address -Werror=sequence-point -Wformat -Werror=format-security -Winit-self -Wpointer-arith -Wuninitialized -Wsuggest-override -Wno-delete-non-virtual-dtor -Wno-comment -fdiagnostics-show-option -Wno-long-long -pthread -fomit-frame-pointer -ffunction-sections -fdata-sections  -msse -msse2 -msse3 -fvisibility=hidden -fvisibility-inlines-hidden -Wno-deprecated -Wno-missing-declarations -Wno-shadow -Wno-unused-parameter -Wno-unused-local-typedefs -Wno-sign-compare -Wno-sign-promo -Wno-undef -Wno-ignored-qualifiers -Wno-extra -Wno-unused-function  -O3 -DNDEBUG  -DNDEBUG -fPIE   -Wno-shorten-64-to-32 -std=c++11 -o CMakeFiles/cmTC_dadfc.dir/src.cxx.o -c /home/brandon/Desktop/Spring_2021/ROBO597/build/CMakeFiles/CMakeTmp/src.cxx
/home/brandon/Desktop/Spring_2021/ROBO597/build/CMakeFiles/CMakeTmp/src.cxx:1:0: warning: ignoring #pragma   [-Wunknown-pragmas]
 #pragma
 ^
cc1plus: warning: unrecognized command line option ‘-Wno-shorten-64-to-32’
Linking CXX executable cmTC_dadfc
/usr/bin/cmake -E cmake_link_script CMakeFiles/cmTC_dadfc.dir/link.txt --verbose=1
/usr/bin/c++     -fsigned-char -W -Wall -Werror=return-type -Werror=non-virtual-dtor -Werror=address -Werror=sequence-point -Wformat -Werror=format-security -Winit-self -Wpointer-arith -Wuninitialized -Wsuggest-override -Wno-delete-non-virtual-dtor -Wno-comment -fdiagnostics-show-option -Wno-long-long -pthread -fomit-frame-pointer -ffunction-sections -fdata-sections  -msse -msse2 -msse3 -fvisibility=hidden -fvisibility-inlines-hidden -Wno-deprecated -Wno-missing-declarations -Wno-shadow -Wno-unused-parameter -Wno-unused-local-typedefs -Wno-sign-compare -Wno-sign-promo -Wno-undef -Wno-ignored-qualifiers -Wno-extra -Wno-unused-function  -O3 -DNDEBUG  -DNDEBUG    -Wl,--gc-sections -Wl,--as-needed  CMakeFiles/cmTC_dadfc.dir/src.cxx.o  -o cmTC_dadfc 
make[1]: Leaving directory '/home/brandon/Desktop/Spring_2021/ROBO597/build/CMakeFiles/CMakeTmp'

===== END =====

Build output check failed:
    Regex: 'unrecognized .*option'
    Output line: 'cc1plus: warning: unrecognized command line option ‘-Wno-enum-compare-switch’'
Compilation failed:
    source file: '/home/brandon/Desktop/Spring_2021/ROBO597/build/CMakeFiles/CMakeTmp/src.cxx'
    check option: ' -Wno-enum-compare-switch'
===== BUILD LOG =====
Change Dir: /home/brandon/Desktop/Spring_2021/ROBO597/build/CMakeFiles/CMakeTmp

Run Build Command:"/usr/bin/make" "cmTC_5e67f/fast"
/usr/bin/make -f CMakeFiles/cmTC_5e67f.dir/build.make CMakeFiles/cmTC_5e67f.dir/build
make[1]: Entering directory '/home/brandon/Desktop/Spring_2021/ROBO597/build/CMakeFiles/CMakeTmp'
Building CXX object CMakeFiles/cmTC_5e67f.dir/src.cxx.o
/usr/bin/c++    -fsigned-char -W -Wall -Werror=return-type -Werror=non-virtual-dtor -Werror=address -Werror=sequence-point -Wformat -Werror=format-security -Winit-self -Wpointer-arith -Wuninitialized -Wsuggest-override -Wno-delete-non-virtual-dtor -Wno-comment -fdiagnostics-show-option -Wno-long-long -pthread -fomit-frame-pointer -ffunction-sections -fdata-sections  -msse -msse2 -msse3 -fvisibility=hidden -fvisibility-inlines-hidden -Wno-deprecated -Wno-missing-declarations -Wno-shadow -Wno-unused-parameter -Wno-unused-local-typedefs -Wno-sign-compare -Wno-sign-promo -Wno-undef -Wno-ignored-qualifiers -Wno-extra -Wno-unused-function -Wno-invalid-offsetof  -O3 -DNDEBUG  -DNDEBUG -fPIE   -Wno-enum-compare-switch -std=c++11 -o CMakeFiles/cmTC_5e67f.dir/src.cxx.o -c /home/brandon/Desktop/Spring_2021/ROBO597/build/CMakeFiles/CMakeTmp/src.cxx
/home/brandon/Desktop/Spring_2021/ROBO597/build/CMakeFiles/CMakeTmp/src.cxx:1:0: warning: ignoring #pragma   [-Wunknown-pragmas]
 #pragma
 ^
cc1plus: warning: unrecognized command line option ‘-Wno-enum-compare-switch’
Linking CXX executable cmTC_5e67f
/usr/bin/cmake -E cmake_link_script CMakeFiles/cmTC_5e67f.dir/link.txt --verbose=1
/usr/bin/c++     -fsigned-char -W -Wall -Werror=return-type -Werror=non-virtual-dtor -Werror=address -Werror=sequence-point -Wformat -Werror=format-security -Winit-self -Wpointer-arith -Wuninitialized -Wsuggest-override -Wno-delete-non-virtual-dtor -Wno-comment -fdiagnostics-show-option -Wno-long-long -pthread -fomit-frame-pointer -ffunction-sections -fdata-sections  -msse -msse2 -msse3 -fvisibility=hidden -fvisibility-inlines-hidden -Wno-deprecated -Wno-missing-declarations -Wno-shadow -Wno-unused-parameter -Wno-unused-local-typedefs -Wno-sign-compare -Wno-sign-promo -Wno-undef -Wno-ignored-qualifiers -Wno-extra -Wno-unused-function -Wno-invalid-offsetof  -O3 -DNDEBUG  -DNDEBUG    -Wl,--gc-sections -Wl,--as-needed  CMakeFiles/cmTC_5e67f.dir/src.cxx.o  -o cmTC_5e67f 
make[1]: Leaving directory '/home/brandon/Desktop/Spring_2021/ROBO597/build/CMakeFiles/CMakeTmp'

===== END =====

Build output check failed:
    Regex: 'unrecognized .*option'
    Output line: 'cc1plus: warning: unrecognized command line option ‘-Wno-inconsistent-missing-override’'
Compilation failed:
    source file: '/home/brandon/Desktop/Spring_2021/ROBO597/build/CMakeFiles/CMakeTmp/src.cxx'
    check option: ' -Wno-inconsistent-missing-override'
===== BUILD LOG =====
Change Dir: /home/brandon/Desktop/Spring_2021/ROBO597/build/CMakeFiles/CMakeTmp

Run Build Command:"/usr/bin/make" "cmTC_ad47e/fast"
/usr/bin/make -f CMakeFiles/cmTC_ad47e.dir/build.make CMakeFiles/cmTC_ad47e.dir/build
make[1]: Entering directory '/home/brandon/Desktop/Spring_2021/ROBO597/build/CMakeFiles/CMakeTmp'
Building CXX object CMakeFiles/cmTC_ad47e.dir/src.cxx.o
/usr/bin/c++    -fsigned-char -W -Wall -Werror=return-type -Werror=non-virtual-dtor -Werror=address -Werror=sequence-point -Wformat -Werror=format-security -Winit-self -Wpointer-arith -Wuninitialized -Wno-delete-non-virtual-dtor -Wno-comment -fdiagnostics-show-option -Wno-long-long -pthread -fomit-frame-pointer -ffunction-sections -fdata-sections  -msse -msse2 -msse3 -fvisibility=hidden -fvisibility-inlines-hidden -Wno-deprecated -Wno-missing-declarations -Wno-shadow -Wno-unused-parameter -Wno-unused-local-typedefs -Wno-sign-compare -Wno-sign-promo -Wno-undef -Wno-ignored-qualifiers -Wno-extra -Wno-unused-function -Wno-invalid-offsetof -Wno-suggest-override  -O3 -DNDEBUG  -DNDEBUG -fPIE   -Wno-inconsistent-missing-override -std=c++11 -o CMakeFiles/cmTC_ad47e.dir/src.cxx.o -c /home/brandon/Desktop/Spring_2021/ROBO597/build/CMakeFiles/CMakeTmp/src.cxx
/home/brandon/Desktop/Spring_2021/ROBO597/build/CMakeFiles/CMakeTmp/src.cxx:1:0: warning: ignoring #pragma   [-Wunknown-pragmas]
 #pragma
 ^
cc1plus: warning: unrecognized command line option ‘-Wno-inconsistent-missing-override’
Linking CXX executable cmTC_ad47e
/usr/bin/cmake -E cmake_link_script CMakeFiles/cmTC_ad47e.dir/link.txt --verbose=1
/usr/bin/c++     -fsigned-char -W -Wall -Werror=return-type -Werror=non-virtual-dtor -Werror=address -Werror=sequence-point -Wformat -Werror=format-security -Winit-self -Wpointer-arith -Wuninitialized -Wno-delete-non-virtual-dtor -Wno-comment -fdiagnostics-show-option -Wno-long-long -pthread -fomit-frame-pointer -ffunction-sections -fdata-sections  -msse -msse2 -msse3 -fvisibility=hidden -fvisibility-inlines-hidden -Wno-deprecated -Wno-missing-declarations -Wno-shadow -Wno-unused-parameter -Wno-unused-local-typedefs -Wno-sign-compare -Wno-sign-promo -Wno-undef -Wno-ignored-qualifiers -Wno-extra -Wno-unused-function -Wno-invalid-offsetof -Wno-suggest-override  -O3 -DNDEBUG  -DNDEBUG    -Wl,--gc-sections -Wl,--as-needed  CMakeFiles/cmTC_ad47e.dir/src.cxx.o  -o cmTC_ad47e 
make[1]: Leaving directory '/home/brandon/Desktop/Spring_2021/ROBO597/build/CMakeFiles/CMakeTmp'

===== END =====

Build output check failed:
    Regex: 'unrecognized .*option'
    Output line: 'cc1plus: warning: unrecognized command line option ‘-Wno-implicit-fallthrough’'
Compilation failed:
    source file: '/home/brandon/Desktop/Spring_2021/ROBO597/build/CMakeFiles/CMakeTmp/src.cxx'
    check option: ' -Wno-implicit-fallthrough'
===== BUILD LOG =====
Change Dir: /home/brandon/Desktop/Spring_2021/ROBO597/build/CMakeFiles/CMakeTmp

Run Build Command:"/usr/bin/make" "cmTC_ca3b9/fast"
/usr/bin/make -f CMakeFiles/cmTC_ca3b9.dir/build.make CMakeFiles/cmTC_ca3b9.dir/build
make[1]: Entering directory '/home/brandon/Desktop/Spring_2021/ROBO597/build/CMakeFiles/CMakeTmp'
Building CXX object CMakeFiles/cmTC_ca3b9.dir/src.cxx.o
/usr/bin/c++    -fsigned-char -W -Wall -Werror=return-type -Werror=non-virtual-dtor -Werror=address -Werror=sequence-point -Wformat -Werror=format-security -Winit-self -Wpointer-arith -Wuninitialized -Wno-delete-non-virtual-dtor -Wno-comment -fdiagnostics-show-option -Wno-long-long -pthread -fomit-frame-pointer -ffunction-sections -fdata-sections  -msse -msse2 -msse3 -fvisibility=hidden -fvisibility-inlines-hidden -Wno-deprecated -Wno-missing-declarations -Wno-shadow -Wno-unused-parameter -Wno-unused-local-typedefs -Wno-sign-compare -Wno-sign-promo -Wno-undef -Wno-ignored-qualifiers -Wno-extra -Wno-unused-function -Wno-invalid-offsetof -Wno-suggest-override  -O3 -DNDEBUG  -DNDEBUG -fPIE   -Wno-implicit-fallthrough -std=c++11 -o CMakeFiles/cmTC_ca3b9.dir/src.cxx.o -c /home/brandon/Desktop/Spring_2021/ROBO597/build/CMakeFiles/CMakeTmp/src.cxx
/home/brandon/Desktop/Spring_2021/ROBO597/build/CMakeFiles/CMakeTmp/src.cxx:1:0: warning: ignoring #pragma   [-Wunknown-pragmas]
 #pragma
 ^
cc1plus: warning: unrecognized command line option ‘-Wno-implicit-fallthrough’
Linking CXX executable cmTC_ca3b9
/usr/bin/cmake -E cmake_link_script CMakeFiles/cmTC_ca3b9.dir/link.txt --verbose=1
/usr/bin/c++     -fsigned-char -W -Wall -Werror=return-type -Werror=non-virtual-dtor -Werror=address -Werror=sequence-point -Wformat -Werror=format-security -Winit-self -Wpointer-arith -Wuninitialized -Wno-delete-non-virtual-dtor -Wno-comment -fdiagnostics-show-option -Wno-long-long -pthread -fomit-frame-pointer -ffunction-sections -fdata-sections  -msse -msse2 -msse3 -fvisibility=hidden -fvisibility-inlines-hidden -Wno-deprecated -Wno-missing-declarations -Wno-shadow -Wno-unused-parameter -Wno-unused-local-typedefs -Wno-sign-compare -Wno-sign-promo -Wno-undef -Wno-ignored-qualifiers -Wno-extra -Wno-unused-function -Wno-invalid-offsetof -Wno-suggest-override  -O3 -DNDEBUG  -DNDEBUG    -Wl,--gc-sections -Wl,--as-needed  CMakeFiles/cmTC_ca3b9.dir/src.cxx.o  -o cmTC_ca3b9 
make[1]: Leaving directory '/home/brandon/Desktop/Spring_2021/ROBO597/build/CMakeFiles/CMakeTmp'

===== END =====

Build output check failed:
    Regex: 'unrecognized .*option'
    Output line: 'cc1: warning: unrecognized command line option ‘-Wno-implicit-fallthrough’'
Compilation failed:
    source file: '/home/brandon/Desktop/Spring_2021/ROBO597/build/CMakeFiles/CMakeTmp/src.c'
    check option: ' -Wno-implicit-fallthrough'
===== BUILD LOG =====
Change Dir: /home/brandon/Desktop/Spring_2021/ROBO597/build/CMakeFiles/CMakeTmp

Run Build Command:"/usr/bin/make" "cmTC_b89e6/fast"
/usr/bin/make -f CMakeFiles/cmTC_b89e6.dir/build.make CMakeFiles/cmTC_b89e6.dir/build
make[1]: Entering directory '/home/brandon/Desktop/Spring_2021/ROBO597/build/CMakeFiles/CMakeTmp'
Building C object CMakeFiles/cmTC_b89e6.dir/src.c.o
/usr/bin/cc   -fsigned-char -W -Wall -Werror=return-type -Werror=non-virtual-dtor -Werror=address -Werror=sequence-point -Wformat -Werror=format-security -Wmissing-declarations -Wmissing-prototypes -Wstrict-prototypes -Wundef -Winit-self -Wpointer-arith -Wshadow -Wuninitialized -Wno-comment -fdiagnostics-show-option -Wno-long-long -pthread -fomit-frame-pointer -ffunction-sections -fdata-sections  -msse -msse2 -msse3 -fvisibility=hidden  -O3 -DNDEBUG  -DNDEBUG -fPIE   -Wno-implicit-fallthrough -o CMakeFiles/cmTC_b89e6.dir/src.c.o   -c /home/brandon/Desktop/Spring_2021/ROBO597/build/CMakeFiles/CMakeTmp/src.c
/home/brandon/Desktop/Spring_2021/ROBO597/build/CMakeFiles/CMakeTmp/src.c:1:0: warning: ignoring #pragma   [-Wunknown-pragmas]
 #pragma
 ^
cc1: warning: unrecognized command line option ‘-Wno-implicit-fallthrough’
Linking C executable cmTC_b89e6
/usr/bin/cmake -E cmake_link_script CMakeFiles/cmTC_b89e6.dir/link.txt --verbose=1
/usr/bin/cc    -fsigned-char -W -Wall -Werror=return-type -Werror=non-virtual-dtor -Werror=address -Werror=sequence-point -Wformat -Werror=format-security -Wmissing-declarations -Wmissing-prototypes -Wstrict-prototypes -Wundef -Winit-self -Wpointer-arith -Wshadow -Wuninitialized -Wno-comment -fdiagnostics-show-option -Wno-long-long -pthread -fomit-frame-pointer -ffunction-sections -fdata-sections  -msse -msse2 -msse3 -fvisibility=hidden  -O3 -DNDEBUG  -DNDEBUG    -Wl,--gc-sections -Wl,--as-needed  CMakeFiles/cmTC_b89e6.dir/src.c.o  -o cmTC_b89e6 
make[1]: Leaving directory '/home/brandon/Desktop/Spring_2021/ROBO597/build/CMakeFiles/CMakeTmp'

===== END =====

Determining if the include file sys/videoio.h exists failed with the following output:
Change Dir: /home/brandon/Desktop/Spring_2021/ROBO597/build/CMakeFiles/CMakeTmp

Run Build Command:"/usr/bin/make" "cmTC_a30c5/fast"
/usr/bin/make -f CMakeFiles/cmTC_a30c5.dir/build.make CMakeFiles/cmTC_a30c5.dir/build
make[1]: Entering directory '/home/brandon/Desktop/Spring_2021/ROBO597/build/CMakeFiles/CMakeTmp'
Building C object CMakeFiles/cmTC_a30c5.dir/CheckIncludeFile.c.o
/usr/bin/cc   -fsigned-char -W -Wall -Werror=return-type -Werror=non-virtual-dtor -Werror=address -Werror=sequence-point -Wformat -Werror=format-security -Wmissing-declarations -Wmissing-prototypes -Wstrict-prototypes -Wundef -Winit-self -Wpointer-arith -Wshadow -Wuninitialized -Wno-comment -fdiagnostics-show-option -Wno-long-long -pthread -fomit-frame-pointer -ffunction-sections -fdata-sections  -msse -msse2 -msse3 -fvisibility=hidden  -O3 -DNDEBUG  -DNDEBUG -fPIE   -o CMakeFiles/cmTC_a30c5.dir/CheckIncludeFile.c.o   -c /home/brandon/Desktop/Spring_2021/ROBO597/build/CMakeFiles/CMakeTmp/CheckIncludeFile.c
/home/brandon/Desktop/Spring_2021/ROBO597/build/CMakeFiles/CMakeTmp/CheckIncludeFile.c:1:25: fatal error: sys/videoio.h: No such file or directory
compilation terminated.
CMakeFiles/cmTC_a30c5.dir/build.make:65: recipe for target 'CMakeFiles/cmTC_a30c5.dir/CheckIncludeFile.c.o' failed
make[1]: *** [CMakeFiles/cmTC_a30c5.dir/CheckIncludeFile.c.o] Error 1
make[1]: Leaving directory '/home/brandon/Desktop/Spring_2021/ROBO597/build/CMakeFiles/CMakeTmp'
Makefile:126: recipe for target 'cmTC_a30c5/fast' failed
make: *** [cmTC_a30c5/fast] Error 2


Build output check failed:
    Regex: 'unrecognized .*option'
    Output line: 'cc1plus: warning: unrecognized command line option ‘-Wno-unused-private-field’'
Compilation failed:
    source file: '/home/brandon/Desktop/Spring_2021/ROBO597/build/CMakeFiles/CMakeTmp/src.cxx'
    check option: ' -Wno-unused-private-field'
===== BUILD LOG =====
Change Dir: /home/brandon/Desktop/Spring_2021/ROBO597/build/CMakeFiles/CMakeTmp

Run Build Command:"/usr/bin/make" "cmTC_8c9a3/fast"
/usr/bin/make -f CMakeFiles/cmTC_8c9a3.dir/build.make CMakeFiles/cmTC_8c9a3.dir/build
make[1]: Entering directory '/home/brandon/Desktop/Spring_2021/ROBO597/build/CMakeFiles/CMakeTmp'
Building CXX object CMakeFiles/cmTC_8c9a3.dir/src.cxx.o
/usr/bin/c++    -fsigned-char -W -Wall -Werror=return-type -Werror=non-virtual-dtor -Werror=address -Werror=sequence-point -Wformat -Werror=format-security -Wmissing-declarations -Wundef -Winit-self -Wpointer-arith -Wshadow -Wsign-promo -Wuninitialized -Wsuggest-override -Wno-delete-non-virtual-dtor -Wno-comment -fdiagnostics-show-option -Wno-long-long -pthread -fomit-frame-pointer -ffunction-sections -fdata-sections  -msse -msse2 -msse3 -fvisibility=hidden -fvisibility-inlines-hidden -Wno-unused-function -Wno-deprecated-declarations -Wno-overloaded-virtual  -O3 -DNDEBUG  -DNDEBUG -fPIE   -Wno-unused-private-field -std=c++11 -o CMakeFiles/cmTC_8c9a3.dir/src.cxx.o -c /home/brandon/Desktop/Spring_2021/ROBO597/build/CMakeFiles/CMakeTmp/src.cxx
/home/brandon/Desktop/Spring_2021/ROBO597/build/CMakeFiles/CMakeTmp/src.cxx:1:0: warning: ignoring #pragma   [-Wunknown-pragmas]
 #pragma
 ^
cc1plus: warning: unrecognized command line option ‘-Wno-unused-private-field’
Linking CXX executable cmTC_8c9a3
/usr/bin/cmake -E cmake_link_script CMakeFiles/cmTC_8c9a3.dir/link.txt --verbose=1
/usr/bin/c++     -fsigned-char -W -Wall -Werror=return-type -Werror=non-virtual-dtor -Werror=address -Werror=sequence-point -Wformat -Werror=format-security -Wmissing-declarations -Wundef -Winit-self -Wpointer-arith -Wshadow -Wsign-promo -Wuninitialized -Wsuggest-override -Wno-delete-non-virtual-dtor -Wno-comment -fdiagnostics-show-option -Wno-long-long -pthread -fomit-frame-pointer -ffunction-sections -fdata-sections  -msse -msse2 -msse3 -fvisibility=hidden -fvisibility-inlines-hidden -Wno-unused-function -Wno-deprecated-declarations -Wno-overloaded-virtual  -O3 -DNDEBUG  -DNDEBUG    -Wl,--gc-sections -Wl,--as-needed  CMakeFiles/cmTC_8c9a3.dir/src.cxx.o  -o cmTC_8c9a3 
make[1]: Leaving directory '/home/brandon/Desktop/Spring_2021/ROBO597/build/CMakeFiles/CMakeTmp'

===== END =====

